<?xml version="1.0" encoding="UTF-8"?>
<testng-results ignored="0" total="1" passed="1" failed="0" skipped="0">
  <reporter-output>
  </reporter-output>
  <suite started-at="2025-09-12T18:33:36 IST" name="Default suite" finished-at="2025-09-12T18:33:38 IST" duration-ms="2523">
    <groups>
    </groups>
    <test started-at="2025-09-12T18:33:36 IST" name="Default test" finished-at="2025-09-12T18:33:38 IST" duration-ms="2523">
      <class name="com.api.tests.UserdetailsAPITest">
        <test-method signature="UserdetailAPI()[pri:0, instance:com.api.tests.UserdetailsAPITest@5c6648b0]" started-at="2025-09-12T18:33:36 IST" name="UserdetailAPI" finished-at="2025-09-12T18:33:38 IST" duration-ms="2459" status="PASS">
          <reporter-output>
          </reporter-output>
        </test-method> <!-- UserdetailAPI -->
      </class> <!-- com.api.tests.UserdetailsAPITest -->
    </test> <!-- Default test -->
  </suite> <!-- Default suite -->
</testng-results>
